0 info it worked if it ends with ok
1 verbose cli [ 'node', '/usr/local/bin/npm', 'install' ]
2 info using npm@1.4.28
3 info using node@v0.10.33
4 verbose readDependencies using package.json deps
5 verbose install where, deps [ '/Users/bonnynilsson/git/SvivvelBabel/SvivvelBabel',
5 verbose install   [ 'express',
5 verbose install     'body-parser',
5 verbose install     'cookie-parser',
5 verbose install     'morgan',
5 verbose install     'serve-favicon',
5 verbose install     'debug',
5 verbose install     'jade' ] ]
6 info preinstall SvivvelBabel@0.0.0
7 verbose readDependencies using package.json deps
8 verbose cache add [ 'express@~4.9.0', null ]
9 verbose cache add name=undefined spec="express@~4.9.0" args=["express@~4.9.0",null]
10 verbose parsed url { protocol: null,
10 verbose parsed url   slashes: null,
10 verbose parsed url   auth: null,
10 verbose parsed url   host: null,
10 verbose parsed url   port: null,
10 verbose parsed url   hostname: null,
10 verbose parsed url   hash: null,
10 verbose parsed url   search: null,
10 verbose parsed url   query: null,
10 verbose parsed url   pathname: 'express@~4.9.0',
10 verbose parsed url   path: 'express@~4.9.0',
10 verbose parsed url   href: 'express@~4.9.0' }
11 verbose cache add [ 'body-parser@~1.8.1', null ]
12 verbose cache add name=undefined spec="body-parser@~1.8.1" args=["body-parser@~1.8.1",null]
13 verbose parsed url { protocol: null,
13 verbose parsed url   slashes: null,
13 verbose parsed url   auth: null,
13 verbose parsed url   host: null,
13 verbose parsed url   port: null,
13 verbose parsed url   hostname: null,
13 verbose parsed url   hash: null,
13 verbose parsed url   search: null,
13 verbose parsed url   query: null,
13 verbose parsed url   pathname: 'body-parser@~1.8.1',
13 verbose parsed url   path: 'body-parser@~1.8.1',
13 verbose parsed url   href: 'body-parser@~1.8.1' }
14 verbose cache add name="express" spec="~4.9.0" args=["express","~4.9.0"]
15 verbose parsed url { protocol: null,
15 verbose parsed url   slashes: null,
15 verbose parsed url   auth: null,
15 verbose parsed url   host: null,
15 verbose parsed url   port: null,
15 verbose parsed url   hostname: null,
15 verbose parsed url   hash: null,
15 verbose parsed url   search: null,
15 verbose parsed url   query: null,
15 verbose parsed url   pathname: '~4.9.0',
15 verbose parsed url   path: '~4.9.0',
15 verbose parsed url   href: '~4.9.0' }
16 verbose addNamed [ 'express', '~4.9.0' ]
17 verbose addNamed [ null, '>=4.9.0-0 <4.10.0-0' ]
18 verbose cache add [ 'cookie-parser@~1.3.3', null ]
19 verbose cache add name=undefined spec="cookie-parser@~1.3.3" args=["cookie-parser@~1.3.3",null]
20 verbose parsed url { protocol: null,
20 verbose parsed url   slashes: null,
20 verbose parsed url   auth: null,
20 verbose parsed url   host: null,
20 verbose parsed url   port: null,
20 verbose parsed url   hostname: null,
20 verbose parsed url   hash: null,
20 verbose parsed url   search: null,
20 verbose parsed url   query: null,
20 verbose parsed url   pathname: 'cookie-parser@~1.3.3',
20 verbose parsed url   path: 'cookie-parser@~1.3.3',
20 verbose parsed url   href: 'cookie-parser@~1.3.3' }
21 verbose cache add name="body-parser" spec="~1.8.1" args=["body-parser","~1.8.1"]
22 verbose parsed url { protocol: null,
22 verbose parsed url   slashes: null,
22 verbose parsed url   auth: null,
22 verbose parsed url   host: null,
22 verbose parsed url   port: null,
22 verbose parsed url   hostname: null,
22 verbose parsed url   hash: null,
22 verbose parsed url   search: null,
22 verbose parsed url   query: null,
22 verbose parsed url   pathname: '~1.8.1',
22 verbose parsed url   path: '~1.8.1',
22 verbose parsed url   href: '~1.8.1' }
23 verbose addNamed [ 'body-parser', '~1.8.1' ]
24 verbose addNamed [ null, '>=1.8.1-0 <1.9.0-0' ]
25 silly lockFile 6ae7fa08-express-4-9-0 express@~4.9.0
26 verbose lock express@~4.9.0 /Users/bonnynilsson/.npm/6ae7fa08-express-4-9-0.lock
27 silly lockFile a49948c1-body-parser-1-8-1 body-parser@~1.8.1
28 verbose lock body-parser@~1.8.1 /Users/bonnynilsson/.npm/a49948c1-body-parser-1-8-1.lock
29 verbose cache add [ 'morgan@~1.3.0', null ]
30 verbose cache add name=undefined spec="morgan@~1.3.0" args=["morgan@~1.3.0",null]
31 verbose parsed url { protocol: null,
31 verbose parsed url   slashes: null,
31 verbose parsed url   auth: null,
31 verbose parsed url   host: null,
31 verbose parsed url   port: null,
31 verbose parsed url   hostname: null,
31 verbose parsed url   hash: null,
31 verbose parsed url   search: null,
31 verbose parsed url   query: null,
31 verbose parsed url   pathname: 'morgan@~1.3.0',
31 verbose parsed url   path: 'morgan@~1.3.0',
31 verbose parsed url   href: 'morgan@~1.3.0' }
32 verbose cache add name="cookie-parser" spec="~1.3.3" args=["cookie-parser","~1.3.3"]
33 verbose parsed url { protocol: null,
33 verbose parsed url   slashes: null,
33 verbose parsed url   auth: null,
33 verbose parsed url   host: null,
33 verbose parsed url   port: null,
33 verbose parsed url   hostname: null,
33 verbose parsed url   hash: null,
33 verbose parsed url   search: null,
33 verbose parsed url   query: null,
33 verbose parsed url   pathname: '~1.3.3',
33 verbose parsed url   path: '~1.3.3',
33 verbose parsed url   href: '~1.3.3' }
34 verbose addNamed [ 'cookie-parser', '~1.3.3' ]
35 verbose addNamed [ null, '>=1.3.3-0 <1.4.0-0' ]
36 silly lockFile bf5babd8-cookie-parser-1-3-3 cookie-parser@~1.3.3
37 verbose lock cookie-parser@~1.3.3 /Users/bonnynilsson/.npm/bf5babd8-cookie-parser-1-3-3.lock
38 verbose cache add [ 'serve-favicon@~2.1.3', null ]
39 verbose cache add name=undefined spec="serve-favicon@~2.1.3" args=["serve-favicon@~2.1.3",null]
40 verbose parsed url { protocol: null,
40 verbose parsed url   slashes: null,
40 verbose parsed url   auth: null,
40 verbose parsed url   host: null,
40 verbose parsed url   port: null,
40 verbose parsed url   hostname: null,
40 verbose parsed url   hash: null,
40 verbose parsed url   search: null,
40 verbose parsed url   query: null,
40 verbose parsed url   pathname: 'serve-favicon@~2.1.3',
40 verbose parsed url   path: 'serve-favicon@~2.1.3',
40 verbose parsed url   href: 'serve-favicon@~2.1.3' }
41 verbose cache add name="morgan" spec="~1.3.0" args=["morgan","~1.3.0"]
42 verbose parsed url { protocol: null,
42 verbose parsed url   slashes: null,
42 verbose parsed url   auth: null,
42 verbose parsed url   host: null,
42 verbose parsed url   port: null,
42 verbose parsed url   hostname: null,
42 verbose parsed url   hash: null,
42 verbose parsed url   search: null,
42 verbose parsed url   query: null,
42 verbose parsed url   pathname: '~1.3.0',
42 verbose parsed url   path: '~1.3.0',
42 verbose parsed url   href: '~1.3.0' }
43 verbose addNamed [ 'morgan', '~1.3.0' ]
44 verbose addNamed [ null, '>=1.3.0-0 <1.4.0-0' ]
45 silly lockFile a4a9bdf4-morgan-1-3-0 morgan@~1.3.0
46 verbose lock morgan@~1.3.0 /Users/bonnynilsson/.npm/a4a9bdf4-morgan-1-3-0.lock
47 silly addNameRange { name: 'express', range: '>=4.9.0-0 <4.10.0-0', hasData: false }
48 silly addNameRange { name: 'body-parser',
48 silly addNameRange   range: '>=1.8.1-0 <1.9.0-0',
48 silly addNameRange   hasData: false }
49 verbose cache add [ 'debug@~2.0.0', null ]
50 verbose cache add name=undefined spec="debug@~2.0.0" args=["debug@~2.0.0",null]
51 verbose parsed url { protocol: null,
51 verbose parsed url   slashes: null,
51 verbose parsed url   auth: null,
51 verbose parsed url   host: null,
51 verbose parsed url   port: null,
51 verbose parsed url   hostname: null,
51 verbose parsed url   hash: null,
51 verbose parsed url   search: null,
51 verbose parsed url   query: null,
51 verbose parsed url   pathname: 'debug@~2.0.0',
51 verbose parsed url   path: 'debug@~2.0.0',
51 verbose parsed url   href: 'debug@~2.0.0' }
52 verbose cache add [ 'jade@~1.6.0', null ]
53 verbose cache add name=undefined spec="jade@~1.6.0" args=["jade@~1.6.0",null]
54 verbose parsed url { protocol: null,
54 verbose parsed url   slashes: null,
54 verbose parsed url   auth: null,
54 verbose parsed url   host: null,
54 verbose parsed url   port: null,
54 verbose parsed url   hostname: null,
54 verbose parsed url   hash: null,
54 verbose parsed url   search: null,
54 verbose parsed url   query: null,
54 verbose parsed url   pathname: 'jade@~1.6.0',
54 verbose parsed url   path: 'jade@~1.6.0',
54 verbose parsed url   href: 'jade@~1.6.0' }
55 verbose cache add name="serve-favicon" spec="~2.1.3" args=["serve-favicon","~2.1.3"]
56 verbose parsed url { protocol: null,
56 verbose parsed url   slashes: null,
56 verbose parsed url   auth: null,
56 verbose parsed url   host: null,
56 verbose parsed url   port: null,
56 verbose parsed url   hostname: null,
56 verbose parsed url   hash: null,
56 verbose parsed url   search: null,
56 verbose parsed url   query: null,
56 verbose parsed url   pathname: '~2.1.3',
56 verbose parsed url   path: '~2.1.3',
56 verbose parsed url   href: '~2.1.3' }
57 verbose addNamed [ 'serve-favicon', '~2.1.3' ]
58 verbose addNamed [ null, '>=2.1.3-0 <2.2.0-0' ]
59 silly lockFile 38295489-serve-favicon-2-1-3 serve-favicon@~2.1.3
60 verbose lock serve-favicon@~2.1.3 /Users/bonnynilsson/.npm/38295489-serve-favicon-2-1-3.lock
61 silly addNameRange { name: 'cookie-parser',
61 silly addNameRange   range: '>=1.3.3-0 <1.4.0-0',
61 silly addNameRange   hasData: false }
62 verbose request where is /body-parser
63 verbose request registry https://registry.npmjs.org/
64 verbose request id 4828475783e5e3f8
65 verbose url raw /body-parser
66 verbose url resolving [ 'https://registry.npmjs.org/', './body-parser' ]
67 verbose url resolved https://registry.npmjs.org/body-parser
68 verbose request where is https://registry.npmjs.org/body-parser
69 info trying registry request attempt 1 at 21:46:56
70 http GET https://registry.npmjs.org/body-parser
71 verbose cache add name="debug" spec="~2.0.0" args=["debug","~2.0.0"]
72 verbose parsed url { protocol: null,
72 verbose parsed url   slashes: null,
72 verbose parsed url   auth: null,
72 verbose parsed url   host: null,
72 verbose parsed url   port: null,
72 verbose parsed url   hostname: null,
72 verbose parsed url   hash: null,
72 verbose parsed url   search: null,
72 verbose parsed url   query: null,
72 verbose parsed url   pathname: '~2.0.0',
72 verbose parsed url   path: '~2.0.0',
72 verbose parsed url   href: '~2.0.0' }
73 verbose addNamed [ 'debug', '~2.0.0' ]
74 verbose addNamed [ null, '>=2.0.0-0 <2.1.0-0' ]
75 silly lockFile 12b6356d-debug-2-0-0 debug@~2.0.0
76 verbose lock debug@~2.0.0 /Users/bonnynilsson/.npm/12b6356d-debug-2-0-0.lock
77 verbose cache add name="jade" spec="~1.6.0" args=["jade","~1.6.0"]
78 verbose parsed url { protocol: null,
78 verbose parsed url   slashes: null,
78 verbose parsed url   auth: null,
78 verbose parsed url   host: null,
78 verbose parsed url   port: null,
78 verbose parsed url   hostname: null,
78 verbose parsed url   hash: null,
78 verbose parsed url   search: null,
78 verbose parsed url   query: null,
78 verbose parsed url   pathname: '~1.6.0',
78 verbose parsed url   path: '~1.6.0',
78 verbose parsed url   href: '~1.6.0' }
79 verbose addNamed [ 'jade', '~1.6.0' ]
80 verbose addNamed [ null, '>=1.6.0-0 <1.7.0-0' ]
81 silly lockFile ad8c17a8-jade-1-6-0 jade@~1.6.0
82 verbose lock jade@~1.6.0 /Users/bonnynilsson/.npm/ad8c17a8-jade-1-6-0.lock
83 silly addNameRange { name: 'morgan', range: '>=1.3.0-0 <1.4.0-0', hasData: false }
84 verbose request where is /cookie-parser
85 verbose request registry https://registry.npmjs.org/
86 verbose url raw /cookie-parser
87 verbose url resolving [ 'https://registry.npmjs.org/', './cookie-parser' ]
88 verbose url resolved https://registry.npmjs.org/cookie-parser
89 verbose request where is https://registry.npmjs.org/cookie-parser
90 info trying registry request attempt 1 at 21:46:56
91 http GET https://registry.npmjs.org/cookie-parser
92 silly addNameRange { name: 'serve-favicon',
92 silly addNameRange   range: '>=2.1.3-0 <2.2.0-0',
92 silly addNameRange   hasData: false }
93 verbose request where is /morgan
94 verbose request registry https://registry.npmjs.org/
95 verbose url raw /morgan
96 verbose url resolving [ 'https://registry.npmjs.org/', './morgan' ]
97 verbose url resolved https://registry.npmjs.org/morgan
98 verbose request where is https://registry.npmjs.org/morgan
99 info trying registry request attempt 1 at 21:46:56
100 http GET https://registry.npmjs.org/morgan
101 silly addNameRange { name: 'debug', range: '>=2.0.0-0 <2.1.0-0', hasData: false }
102 silly addNameRange { name: 'jade', range: '>=1.6.0-0 <1.7.0-0', hasData: false }
103 verbose request where is /serve-favicon
104 verbose request registry https://registry.npmjs.org/
105 verbose url raw /serve-favicon
106 verbose url resolving [ 'https://registry.npmjs.org/', './serve-favicon' ]
107 verbose url resolved https://registry.npmjs.org/serve-favicon
108 verbose request where is https://registry.npmjs.org/serve-favicon
109 info trying registry request attempt 1 at 21:46:56
110 http GET https://registry.npmjs.org/serve-favicon
111 verbose request where is /jade
112 verbose request registry https://registry.npmjs.org/
113 verbose url raw /jade
114 verbose url resolving [ 'https://registry.npmjs.org/', './jade' ]
115 verbose url resolved https://registry.npmjs.org/jade
116 verbose request where is https://registry.npmjs.org/jade
117 info trying registry request attempt 1 at 21:46:56
118 http GET https://registry.npmjs.org/jade
119 verbose request where is /express
120 verbose request registry https://registry.npmjs.org/
121 verbose url raw /express
122 verbose url resolving [ 'https://registry.npmjs.org/', './express' ]
123 verbose url resolved https://registry.npmjs.org/express
124 verbose request where is https://registry.npmjs.org/express
125 info trying registry request attempt 1 at 21:46:56
126 verbose etag "83H3CG151JZG85DS656IHITA"
127 http GET https://registry.npmjs.org/express
128 verbose request where is /debug
129 verbose request registry https://registry.npmjs.org/
130 verbose url raw /debug
131 verbose url resolving [ 'https://registry.npmjs.org/', './debug' ]
132 verbose url resolved https://registry.npmjs.org/debug
133 verbose request where is https://registry.npmjs.org/debug
134 info trying registry request attempt 1 at 21:46:56
135 verbose etag "6XAF04JEIUAY679NV7GJMKWPQ"
136 http GET https://registry.npmjs.org/debug
137 http 200 https://registry.npmjs.org/morgan
138 silly registry.get cb [ 200,
138 silly registry.get   { date: 'Fri, 07 Nov 2014 20:46:56 GMT',
138 silly registry.get     server: 'CouchDB/1.5.0 (Erlang OTP/R16B03)',
138 silly registry.get     etag: '"5MUXDL8B1NMJRJ65P88CIOEUD"',
138 silly registry.get     'content-type': 'application/json',
138 silly registry.get     'cache-control': 'max-age=60',
138 silly registry.get     'content-length': '31700',
138 silly registry.get     'accept-ranges': 'bytes',
138 silly registry.get     via: '1.1 varnish',
138 silly registry.get     age: '31',
138 silly registry.get     'x-served-by': 'cache-fra1232-FRA',
138 silly registry.get     'x-cache': 'HIT',
138 silly registry.get     'x-cache-hits': '1',
138 silly registry.get     'x-timer': 'S1415393216.913893,VS0,VE0',
138 silly registry.get     vary: 'Accept',
138 silly registry.get     'keep-alive': 'timeout=10, max=50',
138 silly registry.get     connection: 'Keep-Alive' } ]
139 silly addNameRange number 2 { name: 'morgan', range: '>=1.3.0-0 <1.4.0-0', hasData: true }
140 silly addNameRange versions [ 'morgan',
140 silly addNameRange   [ '1.0.0',
140 silly addNameRange     '1.0.1',
140 silly addNameRange     '1.1.0',
140 silly addNameRange     '1.1.1',
140 silly addNameRange     '1.2.0',
140 silly addNameRange     '1.2.1',
140 silly addNameRange     '1.2.2',
140 silly addNameRange     '1.2.3',
140 silly addNameRange     '1.3.0',
140 silly addNameRange     '1.3.1',
140 silly addNameRange     '1.3.2',
140 silly addNameRange     '1.4.0',
140 silly addNameRange     '1.4.1',
140 silly addNameRange     '1.5.0' ] ]
141 verbose addNamed [ 'morgan', '1.3.2' ]
142 verbose addNamed [ '1.3.2', '1.3.2' ]
143 silly lockFile 7e2b41c6-morgan-1-3-2 morgan@1.3.2
144 verbose lock morgan@1.3.2 /Users/bonnynilsson/.npm/7e2b41c6-morgan-1-3-2.lock
145 silly lockFile cac8e271-pmjs-org-morgan-morgan-1-3-2-tgz https://registry.npmjs.org/morgan/-/morgan-1.3.2.tgz
146 verbose lock https://registry.npmjs.org/morgan/-/morgan-1.3.2.tgz /Users/bonnynilsson/.npm/cac8e271-pmjs-org-morgan-morgan-1-3-2-tgz.lock
147 verbose addRemoteTarball [ 'https://registry.npmjs.org/morgan/-/morgan-1.3.2.tgz',
147 verbose addRemoteTarball   'ac41aa15221ee4e5f2ac843896b6918139a18efd' ]
148 info retry fetch attempt 1 at 21:46:57
149 verbose fetch to= /var/folders/bd/d93rhjd96hxggtl7y3jcv0m80000gn/T/npm-1244-Bs3R8NHS/registry.npmjs.org/morgan/-/morgan-1.3.2.tgz
150 http GET https://registry.npmjs.org/morgan/-/morgan-1.3.2.tgz
151 http 304 https://registry.npmjs.org/express
152 silly registry.get cb [ 304,
152 silly registry.get   { date: 'Fri, 07 Nov 2014 20:46:57 GMT',
152 silly registry.get     server: 'Apache',
152 silly registry.get     via: '1.1 varnish',
152 silly registry.get     'last-modified': 'Fri, 07 Nov 2014 20:46:57 GMT',
152 silly registry.get     'cache-control': 'max-age=60',
152 silly registry.get     etag: '"83H3CG151JZG85DS656IHITA"',
152 silly registry.get     age: '7',
152 silly registry.get     'x-served-by': 'cache-fra1232-FRA',
152 silly registry.get     'x-cache': 'HIT',
152 silly registry.get     'x-cache-hits': '1',
152 silly registry.get     'x-timer': 'S1415393217.001397,VS0,VE1',
152 silly registry.get     vary: 'Accept',
152 silly registry.get     'content-length': '0',
152 silly registry.get     'keep-alive': 'timeout=10, max=49',
152 silly registry.get     connection: 'Keep-Alive' } ]
153 verbose etag https://registry.npmjs.org/express from cache
154 silly addNameRange number 2 { name: 'express', range: '>=4.9.0-0 <4.10.0-0', hasData: true }
155 silly addNameRange versions [ 'express',
155 silly addNameRange   [ '0.14.0',
155 silly addNameRange     '0.14.1',
155 silly addNameRange     '1.0.0',
155 silly addNameRange     '1.0.1',
155 silly addNameRange     '1.0.2',
155 silly addNameRange     '1.0.3',
155 silly addNameRange     '1.0.4',
155 silly addNameRange     '1.0.5',
155 silly addNameRange     '1.0.6',
155 silly addNameRange     '1.0.7',
155 silly addNameRange     '1.0.8',
155 silly addNameRange     '2.0.0',
155 silly addNameRange     '2.1.0',
155 silly addNameRange     '2.1.1',
155 silly addNameRange     '2.2.0',
155 silly addNameRange     '2.2.1',
155 silly addNameRange     '2.2.2',
155 silly addNameRange     '2.3.0',
155 silly addNameRange     '2.3.1',
155 silly addNameRange     '2.3.2',
155 silly addNameRange     '2.3.3',
155 silly addNameRange     '2.3.4',
155 silly addNameRange     '2.3.5',
155 silly addNameRange     '2.3.6',
155 silly addNameRange     '2.3.7',
155 silly addNameRange     '2.3.8',
155 silly addNameRange     '2.3.9',
155 silly addNameRange     '2.3.10',
155 silly addNameRange     '2.3.11',
155 silly addNameRange     '2.3.12',
155 silly addNameRange     '2.4.0',
155 silly addNameRange     '2.4.1',
155 silly addNameRange     '2.4.2',
155 silly addNameRange     '2.4.3',
155 silly addNameRange     '2.4.4',
155 silly addNameRange     '2.4.5',
155 silly addNameRange     '2.4.6',
155 silly addNameRange     '2.4.7',
155 silly addNameRange     '2.5.0',
155 silly addNameRange     '2.5.1',
155 silly addNameRange     '2.5.2',
155 silly addNameRange     '2.5.3',
155 silly addNameRange     '2.5.4',
155 silly addNameRange     '2.5.5',
155 silly addNameRange     '2.5.6',
155 silly addNameRange     '2.5.7',
155 silly addNameRange     '2.5.8',
155 silly addNameRange     '2.5.9',
155 silly addNameRange     '2.5.10',
155 silly addNameRange     '2.5.11',
155 silly addNameRange     '3.0.0',
155 silly addNameRange     '3.0.1',
155 silly addNameRange     '3.0.2',
155 silly addNameRange     '3.0.3',
155 silly addNameRange     '3.0.4',
155 silly addNameRange     '3.0.5',
155 silly addNameRange     '3.0.6',
155 silly addNameRange     '3.1.0',
155 silly addNameRange     '3.1.1',
155 silly addNameRange     '3.1.2',
155 silly addNameRange     '3.2.0',
155 silly addNameRange     '3.2.1',
155 silly addNameRange     '3.2.2',
155 silly addNameRange     '3.2.3',
155 silly addNameRange     '3.2.4',
155 silly addNameRange     '3.2.5',
155 silly addNameRange     '3.2.6',
155 silly addNameRange     '3.3.0',
155 silly addNameRange     '3.3.1',
155 silly addNameRange     '3.3.2',
155 silly addNameRange     '3.3.3',
155 silly addNameRange     '3.3.4',
155 silly addNameRange     '3.3.5',
155 silly addNameRange     '3.3.6',
155 silly addNameRange     '1.0.0-beta',
155 silly addNameRange     '1.0.0-beta2',
155 silly addNameRange     '1.0.0-rc',
155 silly addNameRange     '1.0.0-rc2',
155 silly addNameRange     '1.0.0-rc3',
155 silly addNameRange     '1.0.0-rc4',
155 silly addNameRange     '2.0.0-beta',
155 silly addNameRange     '2.0.0-beta2',
155 silly addNameRange     '2.0.0-beta3',
155 silly addNameRange     '2.0.0-rc',
155 silly addNameRange     '2.0.0-rc2',
155 silly addNameRange     '2.0.0-rc3',
155 silly addNameRange     '3.0.0-alpha1',
155 silly addNameRange     '3.0.0-alpha2',
155 silly addNameRange     '3.0.0-alpha3',
155 silly addNameRange     '3.0.0-alpha4',
155 silly addNameRange     '3.0.0-alpha5',
155 silly addNameRange     '3.0.0-beta1',
155 silly addNameRange     '3.0.0-beta2',
155 silly addNameRange     '3.0.0-beta3',
155 silly addNameRange     '3.0.0-beta4',
155 silly addNameRange     '3.0.0-beta6',
155 silly addNameRange     '3.0.0-beta7',
155 silly addNameRange     '3.0.0-rc1',
155 silly addNameRange     '3.0.0-rc2',
155 silly addNameRange     '3.0.0-rc3',
155 silly addNameRange     '3.0.0-rc4',
155 silly addNameRange     '3.0.0-rc5',
155 silly addNameRange     '3.3.7',
155 silly addNameRange     '3.3.8',
155 silly addNameRange     '3.4.0',
155 silly addNameRange     '3.4.1',
155 silly addNameRange     '3.4.2',
155 silly addNameRange     '3.4.3',
155 silly addNameRange     '3.4.4',
155 silly addNameRange     '3.4.5',
155 silly addNameRange     '3.4.6',
155 silly addNameRange     '3.4.7',
155 silly addNameRange     '3.4.8',
155 silly addNameRange     '4.0.0-rc1',
155 silly addNameRange     '4.0.0-rc2',
155 silly addNameRange     '3.5.0',
155 silly addNameRange     '4.0.0-rc3',
155 silly addNameRange     '4.0.0-rc4',
155 silly addNameRange     '3.5.1',
155 silly addNameRange     '4.0.0',
155 silly addNameRange     '3.5.2',
155 silly addNameRange     '4.1.0',
155 silly addNameRange     '4.1.1',
155 silly addNameRange     '3.5.3',
155 silly addNameRange     '4.1.2',
155 silly addNameRange     '3.6.0',
155 silly addNameRange     '4.2.0',
155 silly addNameRange     '3.7.0',
155 silly addNameRange     '3.8.0',
155 silly addNameRange     '4.3.0',
155 silly addNameRange     '4.3.1',
155 silly addNameRange     '3.8.1',
155 silly addNameRange     '4.3.2',
155 silly addNameRange     '3.9.0',
155 silly addNameRange     '4.4.0',
155 silly addNameRange     '4.4.1',
155 silly addNameRange     '3.10.0',
155 silly addNameRange     '3.10.1',
155 silly addNameRange     '3.10.2',
155 silly addNameRange     '3.10.3',
155 silly addNameRange     '3.10.4',
155 silly addNameRange     '4.4.2',
155 silly addNameRange     '3.10.5',
155 silly addNameRange     '4.4.3',
155 silly addNameRange     '3.11.0',
155 silly addNameRange     '4.4.4',
155 silly addNameRange     '3.12.0',
155 silly addNameRange     '3.12.1',
155 silly addNameRange     '4.4.5',
155 silly addNameRange     '3.13.0',
155 silly addNameRange     '4.5.0',
155 silly addNameRange     '4.5.1',
155 silly addNameRange     '3.14.0',
155 silly addNameRange     '4.6.0',
155 silly addNameRange     '4.6.1',
155 silly addNameRange     '3.15.0',
155 silly addNameRange     '4.7.0',
155 silly addNameRange     '3.15.1',
155 silly addNameRange     '4.7.1',
155 silly addNameRange     '3.15.2',
155 silly addNameRange     '4.7.2',
155 silly addNameRange     '4.7.3',
155 silly addNameRange     '3.15.3',
155 silly addNameRange     '4.7.4',
155 silly addNameRange     '3.16.0',
155 silly addNameRange     '4.8.0',
155 silly addNameRange     '3.16.1',
155 silly addNameRange     '4.8.1',
155 silly addNameRange     '3.16.2',
155 silly addNameRange     '4.8.2',
155 silly addNameRange     '3.16.3',
155 silly addNameRange     '3.16.4',
155 silly addNameRange     '4.8.3',
155 silly addNameRange     '3.16.5',
155 silly addNameRange     '3.16.6',
155 silly addNameRange     '4.8.4',
155 silly addNameRange     '3.16.7',
155 silly addNameRange     '4.8.5',
155 silly addNameRange     '3.16.8',
155 silly addNameRange     '4.8.6',
155 silly addNameRange     '3.16.9',
155 silly addNameRange     '4.8.7',
155 silly addNameRange     '3.16.10',
155 silly addNameRange     '4.8.8',
155 silly addNameRange     '3.17.0',
155 silly addNameRange     '3.17.1',
155 silly addNameRange     '4.9.0',
155 silly addNameRange     '3.17.2',
155 silly addNameRange     '4.9.1',
155 silly addNameRange     '4.9.2',
155 silly addNameRange     '3.17.3',
155 silly addNameRange     '4.9.3',
155 silly addNameRange     '3.17.4',
155 silly addNameRange     '4.9.4',
155 silly addNameRange     '3.17.5',
155 silly addNameRange     '4.9.5',
155 silly addNameRange     '3.17.6',
155 silly addNameRange     '3.17.7',
155 silly addNameRange     '4.9.6',
155 silly addNameRange     '4.9.7',
155 silly addNameRange     '3.17.8',
155 silly addNameRange     '4.9.8',
155 silly addNameRange     '3.18.0',
155 silly addNameRange     '3.18.1',
155 silly addNameRange     '4.10.0',
155 silly addNameRange     '3.18.2',
155 silly addNameRange     '4.10.1',
155 silly addNameRange     '5.0.0-alpha.1' ] ]
156 verbose addNamed [ 'express', '4.9.8' ]
157 verbose addNamed [ '4.9.8', '4.9.8' ]
158 silly lockFile 3e3a25f6-express-4-9-8 express@4.9.8
159 verbose lock express@4.9.8 /Users/bonnynilsson/.npm/3e3a25f6-express-4-9-8.lock
160 http 200 https://registry.npmjs.org/body-parser
161 silly registry.get cb [ 200,
161 silly registry.get   { date: 'Fri, 07 Nov 2014 20:46:56 GMT',
161 silly registry.get     server: 'CouchDB/1.5.0 (Erlang OTP/R14B04)',
161 silly registry.get     etag: '"31NOWALYE5KS8CUXXM9FZZM0H"',
161 silly registry.get     'content-type': 'application/json',
161 silly registry.get     'cache-control': 'max-age=60',
161 silly registry.get     'content-length': '71579',
161 silly registry.get     'accept-ranges': 'bytes',
161 silly registry.get     via: '1.1 varnish',
161 silly registry.get     age: '9',
161 silly registry.get     'x-served-by': 'cache-fra1222-FRA',
161 silly registry.get     'x-cache': 'HIT',
161 silly registry.get     'x-cache-hits': '1',
161 silly registry.get     'x-timer': 'S1415393216.919842,VS0,VE0',
161 silly registry.get     vary: 'Accept',
161 silly registry.get     'keep-alive': 'timeout=10, max=50',
161 silly registry.get     connection: 'Keep-Alive' } ]
162 http 304 https://registry.npmjs.org/debug
163 silly registry.get cb [ 304,
163 silly registry.get   { date: 'Fri, 07 Nov 2014 20:46:57 GMT',
163 silly registry.get     server: 'Apache',
163 silly registry.get     via: '1.1 varnish',
163 silly registry.get     'last-modified': 'Fri, 07 Nov 2014 20:46:35 GMT',
163 silly registry.get     'cache-control': 'max-age=60',
163 silly registry.get     etag: '"6XAF04JEIUAY679NV7GJMKWPQ"',
163 silly registry.get     age: '24',
163 silly registry.get     'x-served-by': 'cache-fra1232-FRA',
163 silly registry.get     'x-cache': 'HIT',
163 silly registry.get     'x-cache-hits': '2',
163 silly registry.get     'x-timer': 'S1415393217.033694,VS0,VE0',
163 silly registry.get     vary: 'Accept',
163 silly registry.get     'content-length': '0',
163 silly registry.get     'keep-alive': 'timeout=10, max=48',
163 silly registry.get     connection: 'Keep-Alive' } ]
164 verbose etag https://registry.npmjs.org/debug from cache
165 http 200 https://registry.npmjs.org/jade
166 silly registry.get cb [ 200,
166 silly registry.get   { date: 'Fri, 07 Nov 2014 20:46:56 GMT',
166 silly registry.get     server: 'CouchDB/1.5.0 (Erlang OTP/R16B03)',
166 silly registry.get     etag: '"QHLPMBXXME56JWDXG4BJV1EZ"',
166 silly registry.get     'content-type': 'application/json',
166 silly registry.get     'cache-control': 'max-age=60',
166 silly registry.get     'content-length': '127465',
166 silly registry.get     'accept-ranges': 'bytes',
166 silly registry.get     via: '1.1 varnish',
166 silly registry.get     age: '49',
166 silly registry.get     'x-served-by': 'cache-fra1226-FRA',
166 silly registry.get     'x-cache': 'HIT',
166 silly registry.get     'x-cache-hits': '1',
166 silly registry.get     'x-timer': 'S1415393216.919090,VS0,VE1',
166 silly registry.get     vary: 'Accept',
166 silly registry.get     'keep-alive': 'timeout=10, max=50',
166 silly registry.get     connection: 'Keep-Alive' } ]
167 silly lockFile 2d7fb097-js-org-express-express-4-9-8-tgz https://registry.npmjs.org/express/-/express-4.9.8.tgz
168 verbose lock https://registry.npmjs.org/express/-/express-4.9.8.tgz /Users/bonnynilsson/.npm/2d7fb097-js-org-express-express-4-9-8-tgz.lock
169 verbose addRemoteTarball [ 'https://registry.npmjs.org/express/-/express-4.9.8.tgz',
169 verbose addRemoteTarball   'f360f596baeabbd0e5223b603d6eb578d9d2d10d' ]
170 silly addNameRange number 2 { name: 'debug', range: '>=2.0.0-0 <2.1.0-0', hasData: true }
171 silly addNameRange versions [ 'debug',
171 silly addNameRange   [ '0.0.1',
171 silly addNameRange     '0.1.0',
171 silly addNameRange     '0.2.0',
171 silly addNameRange     '0.3.0',
171 silly addNameRange     '0.4.0',
171 silly addNameRange     '0.4.1',
171 silly addNameRange     '0.5.0',
171 silly addNameRange     '0.6.0',
171 silly addNameRange     '0.7.0',
171 silly addNameRange     '0.7.1',
171 silly addNameRange     '0.7.2',
171 silly addNameRange     '0.7.3',
171 silly addNameRange     '0.7.4',
171 silly addNameRange     '0.8.0',
171 silly addNameRange     '0.8.1',
171 silly addNameRange     '1.0.0',
171 silly addNameRange     '1.0.1',
171 silly addNameRange     '1.0.2',
171 silly addNameRange     '1.0.3',
171 silly addNameRange     '1.0.4',
171 silly addNameRange     '2.0.0',
171 silly addNameRange     '2.1.0' ] ]
172 verbose addNamed [ 'debug', '2.0.0' ]
173 verbose addNamed [ '2.0.0', '2.0.0' ]
174 silly lockFile 095bd820-debug-2-0-0 debug@2.0.0
175 verbose lock debug@2.0.0 /Users/bonnynilsson/.npm/095bd820-debug-2-0-0.lock
176 info retry fetch attempt 1 at 21:46:57
177 verbose fetch to= /var/folders/bd/d93rhjd96hxggtl7y3jcv0m80000gn/T/npm-1244-Bs3R8NHS/registry.npmjs.org/express/-/express-4.9.8.tgz
178 silly addNameRange number 2 { name: 'body-parser',
178 silly addNameRange   range: '>=1.8.1-0 <1.9.0-0',
178 silly addNameRange   hasData: true }
179 silly addNameRange versions [ 'body-parser',
179 silly addNameRange   [ '1.0.0',
179 silly addNameRange     '1.0.1',
179 silly addNameRange     '1.0.2',
179 silly addNameRange     '1.1.0',
179 silly addNameRange     '1.1.1',
179 silly addNameRange     '1.1.2',
179 silly addNameRange     '1.2.0',
179 silly addNameRange     '1.2.1',
179 silly addNameRange     '1.2.2',
179 silly addNameRange     '1.3.0',
179 silly addNameRange     '1.3.1',
179 silly addNameRange     '1.4.0',
179 silly addNameRange     '1.4.1',
179 silly addNameRange     '1.4.2',
179 silly addNameRange     '1.4.3',
179 silly addNameRange     '1.5.0',
179 silly addNameRange     '1.5.1',
179 silly addNameRange     '1.5.2',
179 silly addNameRange     '1.6.0',
179 silly addNameRange     '1.6.1',
179 silly addNameRange     '1.6.2',
179 silly addNameRange     '1.6.3',
179 silly addNameRange     '1.6.4',
179 silly addNameRange     '1.6.5',
179 silly addNameRange     '1.6.6',
179 silly addNameRange     '1.6.7',
179 silly addNameRange     '1.7.0',
179 silly addNameRange     '1.8.0',
179 silly addNameRange     '1.8.1',
179 silly addNameRange     '1.8.2',
179 silly addNameRange     '1.8.3',
179 silly addNameRange     '1.8.4',
179 silly addNameRange     '1.9.0',
179 silly addNameRange     '1.9.1',
179 silly addNameRange     '1.9.2' ] ]
180 verbose addNamed [ 'body-parser', '1.8.4' ]
181 verbose addNamed [ '1.8.4', '1.8.4' ]
182 silly lockFile 5cba912c-body-parser-1-8-4 body-parser@1.8.4
183 verbose lock body-parser@1.8.4 /Users/bonnynilsson/.npm/5cba912c-body-parser-1-8-4.lock
184 http GET https://registry.npmjs.org/express/-/express-4.9.8.tgz
185 silly lockFile e2182b07--npmjs-org-debug-debug-2-0-0-tgz https://registry.npmjs.org/debug/-/debug-2.0.0.tgz
186 verbose lock https://registry.npmjs.org/debug/-/debug-2.0.0.tgz /Users/bonnynilsson/.npm/e2182b07--npmjs-org-debug-debug-2-0-0-tgz.lock
187 silly addNameRange number 2 { name: 'jade', range: '>=1.6.0-0 <1.7.0-0', hasData: true }
188 silly addNameRange versions [ 'jade',
188 silly addNameRange   [ '0.0.1',
188 silly addNameRange     '0.0.2',
188 silly addNameRange     '0.1.0',
188 silly addNameRange     '0.2.0',
188 silly addNameRange     '0.2.1',
188 silly addNameRange     '0.2.2',
188 silly addNameRange     '0.2.3',
188 silly addNameRange     '0.2.4',
188 silly addNameRange     '0.3.0',
188 silly addNameRange     '0.4.0',
188 silly addNameRange     '0.4.1',
188 silly addNameRange     '0.5.0',
188 silly addNameRange     '0.5.1',
188 silly addNameRange     '0.5.2',
188 silly addNameRange     '0.5.3',
188 silly addNameRange     '0.5.4',
188 silly addNameRange     '0.5.5',
188 silly addNameRange     '0.5.6',
188 silly addNameRange     '0.5.7',
188 silly addNameRange     '0.6.0',
188 silly addNameRange     '0.6.1',
188 silly addNameRange     '0.6.3',
188 silly addNameRange     '0.7.0',
188 silly addNameRange     '0.7.1',
188 silly addNameRange     '0.8.0',
188 silly addNameRange     '0.8.1',
188 silly addNameRange     '0.8.2',
188 silly addNameRange     '0.8.3',
188 silly addNameRange     '0.8.4',
188 silly addNameRange     '0.8.5',
188 silly addNameRange     '0.8.6',
188 silly addNameRange     '0.8.7',
188 silly addNameRange     '0.8.8',
188 silly addNameRange     '0.8.9',
188 silly addNameRange     '0.9.0',
188 silly addNameRange     '0.9.1',
188 silly addNameRange     '0.9.2',
188 silly addNameRange     '0.9.3',
188 silly addNameRange     '0.10.0',
188 silly addNameRange     '0.10.1',
188 silly addNameRange     '0.10.2',
188 silly addNameRange     '0.10.3',
188 silly addNameRange     '0.10.4',
188 silly addNameRange     '0.10.5',
188 silly addNameRange     '0.10.6',
188 silly addNameRange     '0.10.7',
188 silly addNameRange     '0.11.0',
188 silly addNameRange     '0.11.1',
188 silly addNameRange     '0.12.0',
188 silly addNameRange     '0.12.1',
188 silly addNameRange     '0.12.2',
188 silly addNameRange     '0.12.3',
188 silly addNameRange     '0.12.4',
188 silly addNameRange     '0.13.0',
188 silly addNameRange     '0.14.0',
188 silly addNameRange     '0.14.1',
188 silly addNameRange     '0.14.2',
188 silly addNameRange     '0.15.0',
188 silly addNameRange     '0.15.1',
188 silly addNameRange     '0.15.2',
188 silly addNameRange     '0.15.3',
188 silly addNameRange     '0.15.4',
188 silly addNameRange     '0.16.0',
188 silly addNameRange     '0.16.1',
188 silly addNameRange     '0.16.2',
188 silly addNameRange     '0.16.3',
188 silly addNameRange     '0.16.4',
188 silly addNameRange     '0.17.0',
188 silly addNameRange     '0.18.0',
188 silly addNameRange     '0.19.0',
188 silly addNameRange     '0.20.0',
188 silly addNameRange     '0.20.1',
188 silly addNameRange     '0.20.2',
188 silly addNameRange     '0.20.3',
188 silly addNameRange     '0.21.0',
188 silly addNameRange     '0.22.0',
188 silly addNameRange     '0.22.1',
188 silly addNameRange     '0.23.0',
188 silly addNameRange     '0.24.0',
188 silly addNameRange     '0.25.0',
188 silly addNameRange     '0.26.0',
188 silly addNameRange     '0.26.1',
188 silly addNameRange     '0.26.2',
188 silly addNameRange     '0.26.3',
188 silly addNameRange     '0.27.0',
188 silly addNameRange     '0.27.1',
188 silly addNameRange     '0.27.2',
188 silly addNameRange     '0.27.3',
188 silly addNameRange     '0.27.4',
188 silly addNameRange     '0.27.5',
188 silly addNameRange     '0.27.6',
188 silly addNameRange     '0.27.7',
188 silly addNameRange     '0.28.0',
188 silly addNameRange     '0.28.1',
188 silly addNameRange     '0.28.2',
188 silly addNameRange     '0.29.0',
188 silly addNameRange     '0.30.0',
188 silly addNameRange     '0.31.0',
188 silly addNameRange     '0.31.1',
188 silly addNameRange     '0.31.2',
188 silly addNameRange     '0.32.0',
188 silly addNameRange     '0.33.0',
188 silly addNameRange     '0.34.0',
188 silly addNameRange     '0.34.1',
188 silly addNameRange     '0.35.0',
188 silly addNameRange     '1.0.0',
188 silly addNameRange     '1.0.1',
188 silly addNameRange     '1.0.2',
188 silly addNameRange     '1.1.0',
188 silly addNameRange     '1.1.1',
188 silly addNameRange     '1.1.2',
188 silly addNameRange     '1.1.3',
188 silly addNameRange     '1.1.4',
188 silly addNameRange     '1.1.5',
188 silly addNameRange     '1.2.0',
188 silly addNameRange     '1.3.0',
188 silly addNameRange     '1.3.1',
188 silly addNameRange     '1.4.0',
188 silly addNameRange     '1.4.1',
188 silly addNameRange     '1.4.2',
188 silly addNameRange     '1.5.0',
188 silly addNameRange     '1.6.0',
188 silly addNameRange     '1.7.0' ] ]
189 verbose addNamed [ 'jade', '1.6.0' ]
190 verbose addNamed [ '1.6.0', '1.6.0' ]
191 silly lockFile c06071bd-jade-1-6-0 jade@1.6.0
192 verbose lock jade@1.6.0 /Users/bonnynilsson/.npm/c06071bd-jade-1-6-0.lock
193 verbose addRemoteTarball [ 'https://registry.npmjs.org/debug/-/debug-2.0.0.tgz',
193 verbose addRemoteTarball   '89bd9df6732b51256bc6705342bba02ed12131ef' ]
194 silly lockFile 58a51cf2-ody-parser-body-parser-1-8-4-tgz https://registry.npmjs.org/body-parser/-/body-parser-1.8.4.tgz
195 verbose lock https://registry.npmjs.org/body-parser/-/body-parser-1.8.4.tgz /Users/bonnynilsson/.npm/58a51cf2-ody-parser-body-parser-1-8-4-tgz.lock
196 silly lockFile 7bdc82f5-ry-npmjs-org-jade-jade-1-6-0-tgz https://registry.npmjs.org/jade/-/jade-1.6.0.tgz
197 verbose lock https://registry.npmjs.org/jade/-/jade-1.6.0.tgz /Users/bonnynilsson/.npm/7bdc82f5-ry-npmjs-org-jade-jade-1-6-0-tgz.lock
198 verbose addRemoteTarball [ 'https://registry.npmjs.org/body-parser/-/body-parser-1.8.4.tgz',
198 verbose addRemoteTarball   'd497e04bc13b3f9a8bd8c70bb0cdc16f2e028898' ]
199 verbose addRemoteTarball [ 'https://registry.npmjs.org/jade/-/jade-1.6.0.tgz',
199 verbose addRemoteTarball   'c02540cd97b1014db3c15743746bc3dcd54170f9' ]
200 info retry fetch attempt 1 at 21:46:57
201 verbose fetch to= /var/folders/bd/d93rhjd96hxggtl7y3jcv0m80000gn/T/npm-1244-Bs3R8NHS/registry.npmjs.org/debug/-/debug-2.0.0.tgz
202 info retry fetch attempt 1 at 21:46:57
203 verbose fetch to= /var/folders/bd/d93rhjd96hxggtl7y3jcv0m80000gn/T/npm-1244-Bs3R8NHS/registry.npmjs.org/body-parser/-/body-parser-1.8.4.tgz
204 http GET https://registry.npmjs.org/debug/-/debug-2.0.0.tgz
205 info retry fetch attempt 1 at 21:46:57
206 verbose fetch to= /var/folders/bd/d93rhjd96hxggtl7y3jcv0m80000gn/T/npm-1244-Bs3R8NHS/registry.npmjs.org/jade/-/jade-1.6.0.tgz
207 http GET https://registry.npmjs.org/body-parser/-/body-parser-1.8.4.tgz
208 http GET https://registry.npmjs.org/jade/-/jade-1.6.0.tgz
209 http 200 https://registry.npmjs.org/morgan/-/morgan-1.3.2.tgz
210 silly lockFile cac8e271-pmjs-org-morgan-morgan-1-3-2-tgz https://registry.npmjs.org/morgan/-/morgan-1.3.2.tgz
211 silly lockFile cac8e271-pmjs-org-morgan-morgan-1-3-2-tgz https://registry.npmjs.org/morgan/-/morgan-1.3.2.tgz
212 silly lockFile 7e2b41c6-morgan-1-3-2 morgan@1.3.2
213 silly lockFile 7e2b41c6-morgan-1-3-2 morgan@1.3.2
214 silly lockFile a4a9bdf4-morgan-1-3-0 morgan@~1.3.0
215 silly lockFile a4a9bdf4-morgan-1-3-0 morgan@~1.3.0
216 http 200 https://registry.npmjs.org/express/-/express-4.9.8.tgz
217 http 200 https://registry.npmjs.org/jade/-/jade-1.6.0.tgz
218 http 200 https://registry.npmjs.org/body-parser/-/body-parser-1.8.4.tgz
219 http 200 https://registry.npmjs.org/debug/-/debug-2.0.0.tgz
220 silly lockFile e2182b07--npmjs-org-debug-debug-2-0-0-tgz https://registry.npmjs.org/debug/-/debug-2.0.0.tgz
221 silly lockFile e2182b07--npmjs-org-debug-debug-2-0-0-tgz https://registry.npmjs.org/debug/-/debug-2.0.0.tgz
222 silly lockFile 095bd820-debug-2-0-0 debug@2.0.0
223 silly lockFile 095bd820-debug-2-0-0 debug@2.0.0
224 silly lockFile 12b6356d-debug-2-0-0 debug@~2.0.0
225 silly lockFile 12b6356d-debug-2-0-0 debug@~2.0.0
226 silly lockFile 58a51cf2-ody-parser-body-parser-1-8-4-tgz https://registry.npmjs.org/body-parser/-/body-parser-1.8.4.tgz
227 silly lockFile 58a51cf2-ody-parser-body-parser-1-8-4-tgz https://registry.npmjs.org/body-parser/-/body-parser-1.8.4.tgz
228 silly lockFile 5cba912c-body-parser-1-8-4 body-parser@1.8.4
229 silly lockFile 5cba912c-body-parser-1-8-4 body-parser@1.8.4
230 silly lockFile a49948c1-body-parser-1-8-1 body-parser@~1.8.1
231 silly lockFile a49948c1-body-parser-1-8-1 body-parser@~1.8.1
232 silly lockFile 2d7fb097-js-org-express-express-4-9-8-tgz https://registry.npmjs.org/express/-/express-4.9.8.tgz
233 silly lockFile 2d7fb097-js-org-express-express-4-9-8-tgz https://registry.npmjs.org/express/-/express-4.9.8.tgz
234 silly lockFile 3e3a25f6-express-4-9-8 express@4.9.8
235 silly lockFile 3e3a25f6-express-4-9-8 express@4.9.8
236 silly lockFile 6ae7fa08-express-4-9-0 express@~4.9.0
237 silly lockFile 6ae7fa08-express-4-9-0 express@~4.9.0
238 silly lockFile 7bdc82f5-ry-npmjs-org-jade-jade-1-6-0-tgz https://registry.npmjs.org/jade/-/jade-1.6.0.tgz
239 silly lockFile 7bdc82f5-ry-npmjs-org-jade-jade-1-6-0-tgz https://registry.npmjs.org/jade/-/jade-1.6.0.tgz
240 silly lockFile c06071bd-jade-1-6-0 jade@1.6.0
241 silly lockFile c06071bd-jade-1-6-0 jade@1.6.0
242 silly lockFile ad8c17a8-jade-1-6-0 jade@~1.6.0
243 silly lockFile ad8c17a8-jade-1-6-0 jade@~1.6.0
244 http 200 https://registry.npmjs.org/serve-favicon
245 silly registry.get cb [ 200,
245 silly registry.get   { date: 'Fri, 07 Nov 2014 20:46:57 GMT',
245 silly registry.get     server: 'CouchDB/1.5.0 (Erlang OTP/R16B03)',
245 silly registry.get     etag: '"DQNCEOV1TU804V1DNRWACLPFP"',
245 silly registry.get     'content-type': 'application/json',
245 silly registry.get     'cache-control': 'max-age=60',
245 silly registry.get     'content-length': '16887',
245 silly registry.get     'accept-ranges': 'bytes',
245 silly registry.get     via: '1.1 varnish',
245 silly registry.get     age: '0',
245 silly registry.get     'x-served-by': 'cache-fra1239-FRA',
245 silly registry.get     'x-cache': 'HIT',
245 silly registry.get     'x-cache-hits': '1',
245 silly registry.get     'x-timer': 'S1415393216.903814,VS0,VE422',
245 silly registry.get     vary: 'Accept',
245 silly registry.get     'keep-alive': 'timeout=10, max=50',
245 silly registry.get     connection: 'Keep-Alive' } ]
246 silly addNameRange number 2 { name: 'serve-favicon',
246 silly addNameRange   range: '>=2.1.3-0 <2.2.0-0',
246 silly addNameRange   hasData: true }
247 silly addNameRange versions [ 'serve-favicon',
247 silly addNameRange   [ '2.0.0',
247 silly addNameRange     '2.0.1',
247 silly addNameRange     '2.1.0',
247 silly addNameRange     '2.1.1',
247 silly addNameRange     '2.1.2',
247 silly addNameRange     '2.1.3',
247 silly addNameRange     '2.1.4',
247 silly addNameRange     '2.1.5',
247 silly addNameRange     '2.1.6' ] ]
248 verbose addNamed [ 'serve-favicon', '2.1.6' ]
249 verbose addNamed [ '2.1.6', '2.1.6' ]
250 silly lockFile 4a3fd20c-serve-favicon-2-1-6 serve-favicon@2.1.6
251 verbose lock serve-favicon@2.1.6 /Users/bonnynilsson/.npm/4a3fd20c-serve-favicon-2-1-6.lock
252 silly lockFile 620925dd--favicon-serve-favicon-2-1-6-tgz https://registry.npmjs.org/serve-favicon/-/serve-favicon-2.1.6.tgz
253 verbose lock https://registry.npmjs.org/serve-favicon/-/serve-favicon-2.1.6.tgz /Users/bonnynilsson/.npm/620925dd--favicon-serve-favicon-2-1-6-tgz.lock
254 verbose addRemoteTarball [ 'https://registry.npmjs.org/serve-favicon/-/serve-favicon-2.1.6.tgz',
254 verbose addRemoteTarball   '46326a9eb64a0fa5cf012a4f85efe9fda95820e5' ]
255 info retry fetch attempt 1 at 21:46:57
256 verbose fetch to= /var/folders/bd/d93rhjd96hxggtl7y3jcv0m80000gn/T/npm-1244-Bs3R8NHS/registry.npmjs.org/serve-favicon/-/serve-favicon-2.1.6.tgz
257 http GET https://registry.npmjs.org/serve-favicon/-/serve-favicon-2.1.6.tgz
258 http 200 https://registry.npmjs.org/cookie-parser
259 silly registry.get cb [ 200,
259 silly registry.get   { date: 'Fri, 07 Nov 2014 20:46:57 GMT',
259 silly registry.get     server: 'CouchDB/1.5.0 (Erlang OTP/R16B03)',
259 silly registry.get     etag: '"D2I21Z55J0M83YHA636O1DW9K"',
259 silly registry.get     'content-type': 'application/json',
259 silly registry.get     'cache-control': 'max-age=60',
259 silly registry.get     'content-length': '14080',
259 silly registry.get     'accept-ranges': 'bytes',
259 silly registry.get     via: '1.1 varnish',
259 silly registry.get     age: '0',
259 silly registry.get     'x-served-by': 'cache-fra1246-FRA',
259 silly registry.get     'x-cache': 'HIT',
259 silly registry.get     'x-cache-hits': '1',
259 silly registry.get     'x-timer': 'S1415393216.920928,VS0,VE422',
259 silly registry.get     vary: 'Accept',
259 silly registry.get     'keep-alive': 'timeout=10, max=50',
259 silly registry.get     connection: 'Keep-Alive' } ]
260 silly addNameRange number 2 { name: 'cookie-parser',
260 silly addNameRange   range: '>=1.3.3-0 <1.4.0-0',
260 silly addNameRange   hasData: true }
261 silly addNameRange versions [ 'cookie-parser',
261 silly addNameRange   [ '1.0.0',
261 silly addNameRange     '1.0.1',
261 silly addNameRange     '1.1.0',
261 silly addNameRange     '1.2.0',
261 silly addNameRange     '1.3.0',
261 silly addNameRange     '1.3.1',
261 silly addNameRange     '1.3.2',
261 silly addNameRange     '1.3.3' ] ]
262 verbose addNamed [ 'cookie-parser', '1.3.3' ]
263 verbose addNamed [ '1.3.3', '1.3.3' ]
264 silly lockFile 68450bd4-cookie-parser-1-3-3 cookie-parser@1.3.3
265 verbose lock cookie-parser@1.3.3 /Users/bonnynilsson/.npm/68450bd4-cookie-parser-1-3-3.lock
266 silly lockFile 864e7377-e-parser-cookie-parser-1-3-3-tgz https://registry.npmjs.org/cookie-parser/-/cookie-parser-1.3.3.tgz
267 verbose lock https://registry.npmjs.org/cookie-parser/-/cookie-parser-1.3.3.tgz /Users/bonnynilsson/.npm/864e7377-e-parser-cookie-parser-1-3-3-tgz.lock
268 verbose addRemoteTarball [ 'https://registry.npmjs.org/cookie-parser/-/cookie-parser-1.3.3.tgz',
268 verbose addRemoteTarball   '7e3a2c745f4b460d5a340e578a0baa5d7725fe37' ]
269 info retry fetch attempt 1 at 21:46:57
270 verbose fetch to= /var/folders/bd/d93rhjd96hxggtl7y3jcv0m80000gn/T/npm-1244-Bs3R8NHS/registry.npmjs.org/cookie-parser/-/cookie-parser-1.3.3.tgz
271 http GET https://registry.npmjs.org/cookie-parser/-/cookie-parser-1.3.3.tgz
272 http 200 https://registry.npmjs.org/serve-favicon/-/serve-favicon-2.1.6.tgz
273 silly lockFile 620925dd--favicon-serve-favicon-2-1-6-tgz https://registry.npmjs.org/serve-favicon/-/serve-favicon-2.1.6.tgz
274 silly lockFile 620925dd--favicon-serve-favicon-2-1-6-tgz https://registry.npmjs.org/serve-favicon/-/serve-favicon-2.1.6.tgz
275 silly lockFile 4a3fd20c-serve-favicon-2-1-6 serve-favicon@2.1.6
276 silly lockFile 4a3fd20c-serve-favicon-2-1-6 serve-favicon@2.1.6
277 silly lockFile 38295489-serve-favicon-2-1-3 serve-favicon@~2.1.3
278 silly lockFile 38295489-serve-favicon-2-1-3 serve-favicon@~2.1.3
279 http 200 https://registry.npmjs.org/cookie-parser/-/cookie-parser-1.3.3.tgz
280 silly lockFile 864e7377-e-parser-cookie-parser-1-3-3-tgz https://registry.npmjs.org/cookie-parser/-/cookie-parser-1.3.3.tgz
281 silly lockFile 864e7377-e-parser-cookie-parser-1-3-3-tgz https://registry.npmjs.org/cookie-parser/-/cookie-parser-1.3.3.tgz
282 silly lockFile 68450bd4-cookie-parser-1-3-3 cookie-parser@1.3.3
283 silly lockFile 68450bd4-cookie-parser-1-3-3 cookie-parser@1.3.3
284 silly lockFile bf5babd8-cookie-parser-1-3-3 cookie-parser@~1.3.3
285 silly lockFile bf5babd8-cookie-parser-1-3-3 cookie-parser@~1.3.3
286 error Error: EACCES, mkdir '/Users/bonnynilsson/.npm/debug/2.0.0'
286 error  { [Error: EACCES, mkdir '/Users/bonnynilsson/.npm/debug/2.0.0']
286 error   errno: 3,
286 error   code: 'EACCES',
286 error   path: '/Users/bonnynilsson/.npm/debug/2.0.0',
286 error   parent: 'SvivvelBabel' }
287 error Please try running this command again as root/Administrator.
288 error System Darwin 14.0.0
289 error command "node" "/usr/local/bin/npm" "install"
290 error cwd /Users/bonnynilsson/git/SvivvelBabel/SvivvelBabel
291 error node -v v0.10.33
292 error npm -v 1.4.28
293 error path /Users/bonnynilsson/.npm/debug/2.0.0
294 error code EACCES
295 error errno 3
296 error stack Error: EACCES, mkdir '/Users/bonnynilsson/.npm/debug/2.0.0'
297 verbose exit [ 3, true ]
